<?xml version="1.0" encoding="UTF-8"?>
<!-- Generated by org.testng.reporters.JUnitXMLReporter -->
<testsuite ignored="3" hostname="DESKTOP-DSGLPDL" failures="2" tests="16" name="Surefire test" time="235.635" errors="0" timestamp="2020-04-27T23:17:58 ICT">
  <testcase classname="apitest.Bai1" name="bai1" time="8.05"/>
  <testcase classname="apitest.Bai10" name="f" time="1.626">
    <failure type="java.lang.AssertionError" message="expected [13] but found [15]">
      <![CDATA[java.lang.AssertionError: expected [13] but found [15]
at apitest.Bai10.f(Bai10.java:43)
at java.base/java.util.ArrayList.forEach(ArrayList.java:1507)
... Removed 36 stack frames]]>
    </failure>
  </testcase> <!-- f -->
  <testcase classname="apitest.Bai11" name="f" time="1.827"/>
  <testcase classname="apitest.Bai2" name="bai2" time="9.684"/>
  <testcase classname="apitest.Bai3" name="f" time="7.839"/>
  <testcase classname="apitest.Bai4" name="f" time="8.569"/>
  <testcase classname="apitest.Bai5" name="f" time="4.482"/>
  <testcase classname="apitest.Bai6" name="f2" time="2.022"/>
  <testcase classname="apitest.Bai7" name="f" time="19.954">
    <failure type="org.openqa.selenium.NoSuchElementException" message="no such element: Unable to locate element: {&amp;quot;method&amp;quot;:&amp;quot;xpath&amp;quot;,&amp;quot;selector&amp;quot;:&amp;quot;//*[@class=&amp;quot;login&amp;quot;]&amp;quot;}
  (Session info: chrome=81.0.4044.122)
For documentation on this error, please visit: https://www.seleniumhq.org/exceptions/no_such_element.html
Build info: version: &amp;apos;3.141.59&amp;apos;, revision: &amp;apos;e82be7d358&amp;apos;, time: &amp;apos;2018-11-14T08:17:03&amp;apos;
System info: host: &amp;apos;DESKTOP-DSGLPDL&amp;apos;, ip: &amp;apos;192.168.1.170&amp;apos;, os.name: &amp;apos;Windows 10&amp;apos;, os.arch: &amp;apos;amd64&amp;apos;, os.version: &amp;apos;10.0&amp;apos;, java.version: &amp;apos;13.0.2&amp;apos;
Driver info: org.openqa.selenium.chrome.ChromeDriver
Capabilities {acceptInsecureCerts: false, browserName: chrome, browserVersion: 81.0.4044.122, chrome: {chromedriverVersion: 80.0.3987.106 (f68069574609..., userDataDir: C:\Users\leduc\AppData\Loca...}, goog:chromeOptions: {debuggerAddress: localhost:55521}, javascriptEnabled: true, networkConnectionEnabled: false, pageLoadStrategy: normal, platform: WINDOWS, platformName: WINDOWS, proxy: Proxy(), setWindowRect: true, strictFileInteractability: false, timeouts: {implicit: 0, pageLoad: 300000, script: 30000}, unhandledPromptBehavior: dismiss and notify}
Session ID: 33a284373f0ccffd24d9ee42a7c1e0f1
*** Element info: {Using=xpath, value=//*[@class=&amp;quot;login&amp;quot;]}">
      <![CDATA[org.openqa.selenium.NoSuchElementException: no such element: Unable to locate element: {"method":"xpath","selector":"//*[@class="login"]"}
  (Session info: chrome=81.0.4044.122)
For documentation on this error, please visit: https://www.seleniumhq.org/exceptions/no_such_element.html
Build info: version: '3.141.59', revision: 'e82be7d358', time: '2018-11-14T08:17:03'
System info: host: 'DESKTOP-DSGLPDL', ip: '192.168.1.170', os.name: 'Windows 10', os.arch: 'amd64', os.version: '10.0', java.version: '13.0.2'
Driver info: org.openqa.selenium.chrome.ChromeDriver
Capabilities {acceptInsecureCerts: false, browserName: chrome, browserVersion: 81.0.4044.122, chrome: {chromedriverVersion: 80.0.3987.106 (f68069574609..., userDataDir: C:\Users\leduc\AppData\Loca...}, goog:chromeOptions: {debuggerAddress: localhost:55521}, javascriptEnabled: true, networkConnectionEnabled: false, pageLoadStrategy: normal, platform: WINDOWS, platformName: WINDOWS, proxy: Proxy(), setWindowRect: true, strictFileInteractability: false, timeouts: {implicit: 0, pageLoad: 300000, script: 30000}, unhandledPromptBehavior: dismiss and notify}
Session ID: 33a284373f0ccffd24d9ee42a7c1e0f1
*** Element info: {Using=xpath, value=//*[@class="login"]}
at org.openqa.selenium.remote.http.W3CHttpResponseCodec.createException(W3CHttpResponseCodec.java:187)
at org.openqa.selenium.remote.http.W3CHttpResponseCodec.decode(W3CHttpResponseCodec.java:122)
at org.openqa.selenium.remote.http.W3CHttpResponseCodec.decode(W3CHttpResponseCodec.java:49)
at org.openqa.selenium.remote.HttpCommandExecutor.execute(HttpCommandExecutor.java:158)
at org.openqa.selenium.remote.service.DriverCommandExecutor.execute(DriverCommandExecutor.java:83)
at org.openqa.selenium.remote.RemoteWebDriver.execute(RemoteWebDriver.java:552)
at org.openqa.selenium.remote.RemoteWebDriver.findElement(RemoteWebDriver.java:323)
at org.openqa.selenium.remote.RemoteWebDriver.findElementByXPath(RemoteWebDriver.java:428)
at org.openqa.selenium.By$ByXPath.findElement(By.java:353)
at org.openqa.selenium.remote.RemoteWebDriver.findElement(RemoteWebDriver.java:315)
at apitest.Bai7.f(Bai7.java:18)
at java.base/java.util.ArrayList.forEach(ArrayList.java:1507)
... Removed 37 stack frames]]>
    </failure>
  </testcase> <!-- f -->
  <testcase classname="apitest.Bai8" name="printTokyo" time="1.5"/>
  <testcase classname="apitest.Bai9" name="f" time="2.535"/>
  <testcase classname="testFlow.Bai1" name="f" time="9.381"/>
  <testcase classname="testFlow.Bai2" name="f" time="4.378"/>
  <testcase classname="testFlow.Bai3" name="f" time="11.847"/>
  <testcase classname="testFlow.Bai4" name="f" time="22.57"/>
  <testcase classname="testFlow.Bai5" name="f" time="14.903"/>
  <testcase classname="testFlow.Bai3" name="f2" time="0.0">
    <ignored/>
  </testcase> <!-- f2 -->
  <testcase classname="apitest.Bai8" name="printNewYork" time="0.0">
    <ignored/>
  </testcase> <!-- printNewYork -->
  <testcase classname="apitest.Bai2" name="f2" time="0.0">
    <ignored/>
  </testcase> <!-- f2 -->
</testsuite> <!-- Surefire test -->
